ERROR - 2023-12-13 06:03:51 --> mysqli_sql_exception: You have an error in your SQL syntax; check the manual that corresponds to your MariaDB server version for the right syntax to use near '*) as total
FROM `customers`
GROUP BY `Country`' at line 1 in C:\xampp\htdocs\graficos\system\Database\MySQLi\Connection.php:306
Stack trace:
#0 C:\xampp\htdocs\graficos\system\Database\MySQLi\Connection.php(306): mysqli->query('SELECT `Country...', 0)
#1 C:\xampp\htdocs\graficos\system\Database\BaseConnection.php(693): CodeIgniter\Database\MySQLi\Connection->execute('SELECT `Country...')
#2 C:\xampp\htdocs\graficos\system\Database\BaseConnection.php(607): CodeIgniter\Database\BaseConnection->simpleQuery('SELECT `Country...')
#3 C:\xampp\htdocs\graficos\system\Database\BaseBuilder.php(1615): CodeIgniter\Database\BaseConnection->query('SELECT `Country...', Array, false)
#4 C:\xampp\htdocs\graficos\app\Models\CustomersModel.php(24): CodeIgniter\Database\BaseBuilder->get()
#5 C:\xampp\htdocs\graficos\app\Controllers\Home.php(49): App\Models\CustomersModel->getCustomers()
#6 C:\xampp\htdocs\graficos\system\CodeIgniter.php(942): App\Controllers\Home->graficarClientes()
#7 C:\xampp\htdocs\graficos\system\CodeIgniter.php(502): CodeIgniter\CodeIgniter->runController(Object(App\Controllers\Home))
#8 C:\xampp\htdocs\graficos\system\CodeIgniter.php(361): CodeIgniter\CodeIgniter->handleRequest(NULL, Object(Config\Cache), false)
#9 C:\xampp\htdocs\graficos\index.php(71): CodeIgniter\CodeIgniter->run()
#10 {main}
CRITICAL - 2023-12-13 06:03:51 --> You have an error in your SQL syntax; check the manual that corresponds to your MariaDB server version for the right syntax to use near '*) as total
FROM `customers`
GROUP BY `Country`' at line 1
in SYSTEMPATH\Database\BaseConnection.php on line 647.
 1 SYSTEMPATH\Database\BaseBuilder.php(1615): CodeIgniter\Database\BaseConnection->query('SELECT `Country`, sum(*) as total
FROM `customers`
GROUP BY `Country`', [], false)
 2 APPPATH\Models\CustomersModel.php(24): CodeIgniter\Database\BaseBuilder->get()
 3 APPPATH\Controllers\Home.php(49): App\Models\CustomersModel->getCustomers()
 4 SYSTEMPATH\CodeIgniter.php(942): App\Controllers\Home->graficarClientes()
 5 SYSTEMPATH\CodeIgniter.php(502): CodeIgniter\CodeIgniter->runController(Object(App\Controllers\Home))
 6 SYSTEMPATH\CodeIgniter.php(361): CodeIgniter\CodeIgniter->handleRequest(null, Object(Config\Cache), false)
 7 FCPATH\index.php(71): CodeIgniter\CodeIgniter->run()
